Arguments: 
  C:\Program Files\nodejs\node.exe C:\Users\dragon\AppData\Roaming\npm\node_modules\yarn\bin\yarn.js add react-map-gl@5.2.10

PATH: 
  C:\Windows\system32;C:\Windows;C:\Windows\System32\Wbem;C:\Windows\System32\WindowsPowerShell\v1.0\;C:\Windows\System32\OpenSSH\;C:\Program Files\Dart\dart-sdk\bin;C:\Users\dragon\AppData\Local\Android\Sdk\platform-tools;C:\Users\dragon\AppData\Local\Android\Sdk;C:\Python27;C:\Program Files\nodejs\;C:\Program Files\Git\cmd;C:\ProgramData\chocolatey\bin;C:\Users\dragon\.cargo\bin;C:\Users\dragon\.local\share\solana\install\active_release\bin;C:\Users\dragon\AppData\Local\Microsoft\WindowsApps;D:\dartsdk-windows-x64-release\dart-sdk\bin;C:\Users\dragon\AppData\Local\Android\Sdk\platform-tools;C:\Users\dragon\AppData\Local\Android\Sdk;C:\Users\dragon\AppData\Local\Programs\Microsoft VS Code\bin;C:\Users\dragon\AppData\Roaming\npm;C:\Program Files\heroku\bin;C:\Users\dragon\.local\share\solana\install\releases\1.9.4\solana-release\bin\sdk\bpf;

Yarn version: 
  1.22.17

Node version: 
  14.17.5

Platform: 
  win32 x64

Trace: 
  Error: getaddrinfo ENOTFOUND registry.yarnpkg.com
      at GetAddrInfoReqWrap.onlookup [as oncomplete] (dns.js:69:26)

npm manifest: 
  {
    "name": "world_nft",
    "version": "1.1.0",
    "description": "WorldNFT - React+Tailwind+HarmonyBlockchain",
    "repository": "https://github.com/swapp1990/WorldNFT",
    "license": "MIT",
    "dependencies": {
      "@fortawesome/fontawesome-free": "5.15.3",
      "@harmony-js/contract": "^0.1.55",
      "@harmony-js/core": "^0.1.57",
      "@harmony-js/crypto": "^0.1.55",
      "@harmony-js/utils": "^0.1.55",
      "@harmony-react/onewallet-connector": "^1.0.2",
      "@harmony-utils/wrappers": "0.0.1",
      "@headlessui/react": "^1.3.0",
      "@heroicons/react": "^1.0.1",
      "@material-ui/core": "^4.11.4",
      "@material-ui/icons": "^4.11.2",
      "@metamask/detect-provider": "^1.2.0",
      "@popperjs/core": "2.9.1",
      "@tailwindcss/forms": "0.2.1",
      "@web3-react/core": "^6.1.9",
      "chart.js": "2.9.4",
      "date-fns": "^2.22.1",
      "dotenv": "^10.0.0",
      "ethers": "^5.3.1",
      "flux": "^4.0.1",
      "gulp": "4.0.2",
      "gulp-append-prepend": "1.0.8",
      "react": "17.0.1",
      "react-dom": "17.0.1",
      "react-iconly": "^2.2.2",
      "react-redux": "^7.2.4",
      "react-router": "5.2.0",
      "react-router-dom": "5.2.0",
      "react-scripts": "4.0.3",
      "redux": "^4.1.0",
      "web3": "^1.4.0"
    },
    "scripts": {
      "start": "react-scripts start",
      "build": "CI=false && npm run build:css && react-scripts build",
      "test": "react-scripts test",
      "eject": "react-scripts eject",
      "watch:css": "postcss src/styles/tailwind.css -o src/styles/output.css",
      "build:css": "postcss src/styles/tailwind.css -o src/styles/output.css",
      "install:clean": "rm -rf node_modules/ && rm -rf package-lock.json && npm install && npm run build:tailwind && npm start",
      "build:tailwind": "tailwind build src/assets/styles/index.css -o src/assets/styles/tailwind.css"
    },
    "eslintConfig": {
      "extends": "react-app"
    },
    "browserslist": {
      "production": [
        ">0.2%",
        "not dead",
        "not op_mini all"
      ],
      "development": [
        "last 1 chrome version",
        "last 1 firefox version",
        "last 1 safari version"
      ]
    },
    "optionalDependencies": {
      "typescript": "4.2.3"
    },
    "devDependencies": {
      "autoprefixer": "^10.2.5",
      "postcss": "^8.3.5",
      "postcss-cli": "^8.3.1",
      "tailwindcss": "^2.2.4"
    }
  }

yarn manifest: 
  No manifest

Lockfile: 
  No lockfile
